plugins/HoloColorPicker/build/outputs/logs/manifest-merger-debug-report.txt
-- Merging decision tree log ---
manifest
ADDED from plugins/HoloColorPicker/AndroidManifest.xml:2:1-11:12
INJECTED from plugins/HoloColorPicker/AndroidManifest.xml:2:1-11:12
INJECTED from plugins/HoloColorPicker/AndroidManifest.xml:2:1-11:12
INJECTED from plugins/HoloColorPicker/AndroidManifest.xml:2:1-11:12
INJECTED from plugins/HoloColorPicker/AndroidManifest.xml:2:1-11:12
INJECTED from plugins/HoloColorPicker/AndroidManifest.xml:2:1-11:12
INJECTED from plugins/HoloColorPicker/AndroidManifest.xml:2:1-11:12
	package
		ADDED from plugins/HoloColorPicker/AndroidManifest.xml:3:5-42
		INJECTED from plugins/HoloColorPicker/AndroidManifest.xml
		INJECTED from plugins/HoloColorPicker/AndroidManifest.xml
	android:versionName
		ADDED from plugins/HoloColorPicker/AndroidManifest.xml:5:5-30
		INJECTED from plugins/HoloColorPicker/AndroidManifest.xml
		INJECTED from plugins/HoloColorPicker/AndroidManifest.xml
	xmlns:android
		ADDED from plugins/HoloColorPicker/AndroidManifest.xml:2:11-69
	android:versionCode
		ADDED from plugins/HoloColorPicker/AndroidManifest.xml:4:5-28
		INJECTED from plugins/HoloColorPicker/AndroidManifest.xml
		INJECTED from plugins/HoloColorPicker/AndroidManifest.xml
uses-sdk
ADDED from plugins/HoloColorPicker/AndroidManifest.xml:7:5-9:41
	android:targetSdkVersion
		ADDED from plugins/HoloColorPicker/AndroidManifest.xml:9:9-38
	android:minSdkVersion
		ADDED from plugins/HoloColorPicker/AndroidManifest.xml:8:9-34